<?xml version="1.0" encoding="UTF-8"?>
<testng-results skipped="0" failed="0" ignored="0" total="1" passed="1">
  <reporter-output>
  </reporter-output>
  <suite name="Default suite" duration-ms="6001" started-at="2021-10-08T18:25:19 CDT" finished-at="2021-10-08T18:25:25 CDT">
    <groups>
    </groups>
    <test name="Default test" duration-ms="6001" started-at="2021-10-08T18:25:19 CDT" finished-at="2021-10-08T18:25:25 CDT">
      <class name="test.AddContactTest">
        <test-method status="PASS" signature="validUserShouldBeAbleToAddCustomer()[pri:0, instance:test.AddContactTest@15d0c81b]" name="validUserShouldBeAbleToAddCustomer" duration-ms="5980" started-at="2021-10-08T18:25:19 CDT" finished-at="2021-10-08T18:25:25 CDT">
          <reporter-output>
          </reporter-output>
        </test-method> <!-- validUserShouldBeAbleToAddCustomer -->
      </class> <!-- test.AddContactTest -->
    </test> <!-- Default test -->
  </suite> <!-- Default suite -->
</testng-results>
